<?xml version="1.0" encoding="UTF-8"?>
<!-- Generated by org.testng.reporters.JUnitReportReporter -->
<testsuite hostname="MahiAsus" name="testng.BasicsTest" tests="2" failures="0" timestamp="26 Jul 2022 12:18:15 GMT" time="0.016" errors="0">
  <testcase name="test2" time="0.000" classname="testng.BasicsTest"/>
  <testcase name="test1" time="0.016" classname="testng.BasicsTest"/>
</testsuite> <!-- testng.BasicsTest -->
